DATES = ['2024-01-15', '2024-03-13', '2024-05-15', '2024-08-05', '2024-08-06', '2024-11-12', '2024-12-16']
CRASH = ['2024-08-05', '2024-08-06']   CALM = ['2024-01-15', '2024-03-13', '2024-05-15', '2024-11-12', '2024-12-16']
SYMS  = ['BTCUSDT', 'ETHUSDT', 'SOLUSDT', 'AVAXUSDT']


##########################################################################
# SYMBOL BTCUSDT   days available: ['2024-01-15', '2024-03-13', '2024-05-15', '2024-08-05', '2024-08-06', '2024-11-12', '2024-12-16']
##########################################################################

==========================================================================
BTCUSDT  ALL-2024 (7 days)  (n=604,800 sec, trail=10s)
==========================================================================

--- CONTEMPORANEOUS: 1s return [t-1,t] on same-second OFI (HAC) ---
  trade-only : R2=0.16727  t=32.3
  book-only  : R2=0.23628  t=205.3
  joint      : R2=0.32202  t_tr=25.9  t_bk=143.3
  incr book over trade : 0.15476
  incr trade over book : 0.08574

--- PREDICTIVE: future log-return [t,t+h] on trailing-10s OFI (HAC) ---
  h | trade-only R2      t | book-only R2      t |  joint R2   t_tr   t_bk | incr_book incr_trade
  1 |       0.00166    8.2 |      0.00404   47.9 |   0.00456    4.5   36.1 |   0.00290    0.00052
  5 |       0.00187    4.4 |      0.00331   22.9 |   0.00406    2.7   16.7 |   0.00219    0.00075
 10 |       0.00182    3.1 |      0.00235   14.3 |   0.00323    2.1   10.3 |   0.00141    0.00087
 30 |       0.00169    2.3 |      0.00117    8.2 |   0.00222    1.8    4.8 |   0.00053    0.00105

--- CANCELLATION: best-level size decreases attributed to CANCEL vs TRADE ---
  cancel share = 0.802   (trade share = 0.198)
  Does cancel-imbalance add over trade+book OFI? (trail=10s, HAC)
    h |  tr+bk R2 | tr+bk+cancel R2 | incr_cancel | t_cancel
    1 |   0.00456 |         0.00657 |     0.00201 |    -34.8
    5 |   0.00406 |         0.00554 |     0.00148 |    -16.3
   10 |   0.00323 |         0.00408 |     0.00085 |     -9.5
   30 |   0.00222 |         0.00259 |     0.00037 |     -4.7

==========================================================================
BTCUSDT  CALM days ['2024-01-15', '2024-03-13', '2024-05-15', '2024-11-12', '2024-12-16']  (n=432,000 sec, trail=10s)
==========================================================================

--- CONTEMPORANEOUS: 1s return [t-1,t] on same-second OFI (HAC) ---
  trade-only : R2=0.20133  t=25.7
  book-only  : R2=0.35044  t=156.0
  joint      : R2=0.43173  t_tr=19.3  t_bk=106.6
  incr book over trade : 0.23040
  incr trade over book : 0.08128

--- PREDICTIVE: future log-return [t,t+h] on trailing-10s OFI (HAC) ---
  h | trade-only R2      t | book-only R2      t |  joint R2   t_tr   t_bk | incr_book incr_trade
  1 |       0.00229   10.1 |      0.00775   48.9 |   0.00810    3.9   38.7 |   0.00581    0.00035
  5 |       0.00124    5.5 |      0.00670   26.3 |   0.00675    1.1   22.8 |   0.00551    0.00006
 10 |       0.00115    3.8 |      0.00464   17.0 |   0.00476    1.2   14.1 |   0.00361    0.00013
 30 |       0.00172    3.6 |      0.00227    9.2 |   0.00298    2.2    6.6 |   0.00126    0.00072

--- CANCELLATION: best-level size decreases attributed to CANCEL vs TRADE ---
  cancel share = 0.788   (trade share = 0.212)
  Does cancel-imbalance add over trade+book OFI? (trail=10s, HAC)
    h |  tr+bk R2 | tr+bk+cancel R2 | incr_cancel | t_cancel
    1 |   0.00810 |         0.01226 |     0.00416 |    -34.1
    5 |   0.00675 |         0.01027 |     0.00352 |    -19.1
   10 |   0.00476 |         0.00698 |     0.00221 |    -12.1
   30 |   0.00298 |         0.00408 |     0.00109 |     -6.3

==========================================================================
BTCUSDT  CRASH days ['2024-08-05', '2024-08-06'] (yen-carry)  (n=172,800 sec, trail=10s)
==========================================================================

--- CONTEMPORANEOUS: 1s return [t-1,t] on same-second OFI (HAC) ---
  trade-only : R2=0.17613  t=20.4
  book-only  : R2=0.22831  t=173.1
  joint      : R2=0.33693  t_tr=17.2  t_bk=127.5
  incr book over trade : 0.16081
  incr trade over book : 0.10862

--- PREDICTIVE: future log-return [t,t+h] on trailing-10s OFI (HAC) ---
  h | trade-only R2      t | book-only R2      t |  joint R2   t_tr   t_bk | incr_book incr_trade
  1 |       0.00150    5.1 |      0.00302   24.9 |   0.00372    3.5   22.9 |   0.00222    0.00070
  5 |       0.00252    3.3 |      0.00215   10.6 |   0.00377    2.6    9.3 |   0.00125    0.00162
 10 |       0.00250    2.3 |      0.00158    6.6 |   0.00332    2.0    5.9 |   0.00082    0.00174
 30 |       0.00182    1.5 |      0.00079    3.9 |   0.00216    1.3    3.0 |   0.00034    0.00137

--- CANCELLATION: best-level size decreases attributed to CANCEL vs TRADE ---
  cancel share = 0.821   (trade share = 0.179)
  Does cancel-imbalance add over trade+book OFI? (trail=10s, HAC)
    h |  tr+bk R2 | tr+bk+cancel R2 | incr_cancel | t_cancel
    1 |   0.00372 |         0.00516 |     0.00144 |    -20.9
    5 |   0.00377 |         0.00450 |     0.00073 |     -7.9
   10 |   0.00332 |         0.00366 |     0.00035 |     -4.2
   30 |   0.00216 |         0.00228 |     0.00012 |     -1.8

==========================================================================
BTCUSDT  AUG-5 ONLY (2024-08-05 crash)  (n=86,400 sec, trail=10s)
==========================================================================

--- CONTEMPORANEOUS: 1s return [t-1,t] on same-second OFI (HAC) ---
  trade-only : R2=0.17311  t=16.5
  book-only  : R2=0.23840  t=89.0
  joint      : R2=0.33539  t_tr=12.8  t_bk=70.9
  incr book over trade : 0.16228
  incr trade over book : 0.09699

--- PREDICTIVE: future log-return [t,t+h] on trailing-10s OFI (HAC) ---
  h | trade-only R2      t | book-only R2      t |  joint R2   t_tr   t_bk | incr_book incr_trade
  1 |       0.00162    4.5 |      0.00209   12.7 |   0.00289    3.2   11.8 |   0.00127    0.00079
  5 |       0.00315    3.1 |      0.00212    6.3 |   0.00411    2.5    5.6 |   0.00096    0.00200
 10 |       0.00329    2.3 |      0.00189    4.2 |   0.00408    1.9    3.9 |   0.00078    0.00218
 30 |       0.00274    1.6 |      0.00088    2.4 |   0.00297    1.5    1.8 |   0.00023    0.00209

--- CANCELLATION: best-level size decreases attributed to CANCEL vs TRADE ---
  cancel share = 0.729   (trade share = 0.271)
  Does cancel-imbalance add over trade+book OFI? (trail=10s, HAC)
    h |  tr+bk R2 | tr+bk+cancel R2 | incr_cancel | t_cancel
    1 |   0.00289 |         0.00328 |     0.00040 |     -7.8
    5 |   0.00411 |         0.00444 |     0.00033 |     -3.8
   10 |   0.00408 |         0.00432 |     0.00024 |     -2.5
   30 |   0.00297 |         0.00310 |     0.00012 |     -1.4


##########################################################################
# SYMBOL ETHUSDT   days available: ['2024-01-15', '2024-03-13', '2024-05-15', '2024-08-05', '2024-08-06', '2024-11-12', '2024-12-16']
##########################################################################

==========================================================================
ETHUSDT  ALL-2024 (7 days)  (n=604,800 sec, trail=10s)
==========================================================================

--- CONTEMPORANEOUS: 1s return [t-1,t] on same-second OFI (HAC) ---
  trade-only : R2=0.11638  t=20.9
  book-only  : R2=0.16941  t=115.5
  joint      : R2=0.23010  t_tr=14.9  t_bk=79.8
  incr book over trade : 0.11372
  incr trade over book : 0.06069

--- PREDICTIVE: future log-return [t,t+h] on trailing-10s OFI (HAC) ---
  h | trade-only R2      t | book-only R2      t |  joint R2   t_tr   t_bk | incr_book incr_trade
  1 |       0.00092    4.2 |      0.00177   31.4 |   0.00218    2.7   17.3 |   0.00126    0.00040
  5 |       0.00188    2.5 |      0.00153   16.5 |   0.00271    1.9    6.8 |   0.00084    0.00118
 10 |       0.00365    2.2 |      0.00106    9.7 |   0.00395    1.9    2.6 |   0.00031    0.00289
 30 |       0.00165    1.9 |      0.00057    5.5 |   0.00184    1.6    2.0 |   0.00019    0.00127

--- CANCELLATION: best-level size decreases attributed to CANCEL vs TRADE ---
  cancel share = 0.803   (trade share = 0.197)
  Does cancel-imbalance add over trade+book OFI? (trail=10s, HAC)
    h |  tr+bk R2 | tr+bk+cancel R2 | incr_cancel | t_cancel
    1 |   0.00218 |         0.00293 |     0.00076 |    -13.3
    5 |   0.00271 |         0.00342 |     0.00071 |     -8.6
   10 |   0.00395 |         0.00444 |     0.00048 |     -4.7
   30 |   0.00184 |         0.00201 |     0.00017 |     -1.8

==========================================================================
ETHUSDT  CALM days ['2024-01-15', '2024-03-13', '2024-05-15', '2024-11-12', '2024-12-16']  (n=432,000 sec, trail=10s)
==========================================================================

--- CONTEMPORANEOUS: 1s return [t-1,t] on same-second OFI (HAC) ---
  trade-only : R2=0.13898  t=12.2
  book-only  : R2=0.33597  t=145.6
  joint      : R2=0.38292  t_tr=7.5  t_bk=134.9
  incr book over trade : 0.24395
  incr trade over book : 0.04696

--- PREDICTIVE: future log-return [t,t+h] on trailing-10s OFI (HAC) ---
  h | trade-only R2      t | book-only R2      t |  joint R2   t_tr   t_bk | incr_book incr_trade
  1 |       0.00128    9.5 |      0.00586   47.8 |   0.00603    3.5   40.9 |   0.00474    0.00017
  5 |       0.00085    5.4 |      0.00437   23.6 |   0.00446    1.8   20.3 |   0.00360    0.00009
 10 |       0.00077    4.3 |      0.00251   14.1 |   0.00268    2.0   11.5 |   0.00191    0.00017
 30 |       0.00071    3.3 |      0.00117    7.6 |   0.00146    2.1    5.8 |   0.00075    0.00029

--- CANCELLATION: best-level size decreases attributed to CANCEL vs TRADE ---
  cancel share = 0.827   (trade share = 0.173)
  Does cancel-imbalance add over trade+book OFI? (trail=10s, HAC)
    h |  tr+bk R2 | tr+bk+cancel R2 | incr_cancel | t_cancel
    1 |   0.00603 |         0.00955 |     0.00352 |    -32.7
    5 |   0.00446 |         0.00747 |     0.00301 |    -19.1
   10 |   0.00268 |         0.00454 |     0.00186 |    -11.7
   30 |   0.00146 |         0.00208 |     0.00062 |     -5.2

==========================================================================
ETHUSDT  CRASH days ['2024-08-05', '2024-08-06'] (yen-carry)  (n=172,800 sec, trail=10s)
==========================================================================

--- CONTEMPORANEOUS: 1s return [t-1,t] on same-second OFI (HAC) ---
  trade-only : R2=0.12599  t=21.7
  book-only  : R2=0.22660  t=68.1
  joint      : R2=0.29129  t_tr=15.0  t_bk=55.4
  incr book over trade : 0.16530
  incr trade over book : 0.06469

--- PREDICTIVE: future log-return [t,t+h] on trailing-10s OFI (HAC) ---
  h | trade-only R2      t | book-only R2      t |  joint R2   t_tr   t_bk | incr_book incr_trade
  1 |       0.00092    2.7 |      0.00113   10.3 |   0.00168    2.1    7.7 |   0.00076    0.00054
  5 |       0.00284    2.0 |      0.00098    5.4 |   0.00324    1.8    3.2 |   0.00040    0.00226
 10 |       0.00656    2.0 |      0.00104    3.8 |   0.00677    1.8    1.5 |   0.00021    0.00573
 30 |       0.00252    1.6 |      0.00079    2.6 |   0.00282    1.4    1.3 |   0.00030    0.00203

--- CANCELLATION: best-level size decreases attributed to CANCEL vs TRADE ---
  cancel share = 0.753   (trade share = 0.247)
  Does cancel-imbalance add over trade+book OFI? (trail=10s, HAC)
    h |  tr+bk R2 | tr+bk+cancel R2 | incr_cancel | t_cancel
    1 |   0.00168 |         0.00183 |     0.00016 |     -3.5
    5 |   0.00324 |         0.00329 |     0.00005 |     -1.4
   10 |   0.00677 |         0.00678 |     0.00001 |     -0.5
   30 |   0.00282 |         0.00284 |     0.00002 |     -0.4

==========================================================================
ETHUSDT  AUG-5 ONLY (2024-08-05 crash)  (n=86,400 sec, trail=10s)
==========================================================================

--- CONTEMPORANEOUS: 1s return [t-1,t] on same-second OFI (HAC) ---
  trade-only : R2=0.12774  t=20.9
  book-only  : R2=0.23620  t=34.3
  joint      : R2=0.29370  t_tr=13.9  t_bk=36.0
  incr book over trade : 0.16597
  incr trade over book : 0.05750

--- PREDICTIVE: future log-return [t,t+h] on trailing-10s OFI (HAC) ---
  h | trade-only R2      t | book-only R2      t |  joint R2   t_tr   t_bk | incr_book incr_trade
  1 |       0.00112    2.6 |      0.00079    5.2 |   0.00151    2.1    3.5 |   0.00039    0.00072
  5 |       0.00399    2.1 |      0.00105    3.4 |   0.00425    1.8    1.7 |   0.00025    0.00319
 10 |       0.00930    2.0 |      0.00154    2.8 |   0.00949    1.9    0.9 |   0.00019    0.00795
 30 |       0.00371    1.7 |      0.00118    1.9 |   0.00405    1.4    0.9 |   0.00034    0.00288

--- CANCELLATION: best-level size decreases attributed to CANCEL vs TRADE ---
  cancel share = 0.614   (trade share = 0.386)
  Does cancel-imbalance add over trade+book OFI? (trail=10s, HAC)
    h |  tr+bk R2 | tr+bk+cancel R2 | incr_cancel | t_cancel
    1 |   0.00151 |         0.00151 |     0.00000 |      0.1
    5 |   0.00425 |         0.00428 |     0.00004 |      0.7
   10 |   0.00949 |         0.00957 |     0.00008 |      0.7
   30 |   0.00405 |         0.00413 |     0.00007 |      0.4


##########################################################################
# SYMBOL SOLUSDT   days available: ['2024-01-15', '2024-03-13', '2024-05-15', '2024-08-05', '2024-08-06', '2024-11-12', '2024-12-16']
##########################################################################

==========================================================================
SOLUSDT  ALL-2024 (7 days)  (n=604,800 sec, trail=10s)
==========================================================================

--- CONTEMPORANEOUS: 1s return [t-1,t] on same-second OFI (HAC) ---
  trade-only : R2=0.14303  t=36.4
  book-only  : R2=0.28249  t=39.9
  joint      : R2=0.34235  t_tr=24.7  t_bk=37.4
  incr book over trade : 0.19933
  incr trade over book : 0.05986

--- PREDICTIVE: future log-return [t,t+h] on trailing-10s OFI (HAC) ---
  h | trade-only R2      t | book-only R2      t |  joint R2   t_tr   t_bk | incr_book incr_trade
  1 |       0.00026    3.2 |      0.00182   18.2 |   0.00182    0.5   17.9 |   0.00156    0.00001
  5 |       0.00022    1.7 |      0.00123    9.0 |   0.00125    0.4    9.2 |   0.00102    0.00001
 10 |       0.00036    1.8 |      0.00071    5.7 |   0.00083    1.1    5.2 |   0.00047    0.00012
 30 |       0.00066    2.3 |      0.00055    4.0 |   0.00092    1.8    3.1 |   0.00025    0.00037

--- CANCELLATION: best-level size decreases attributed to CANCEL vs TRADE ---
  cancel share = 0.768   (trade share = 0.232)
  Does cancel-imbalance add over trade+book OFI? (trail=10s, HAC)
    h |  tr+bk R2 | tr+bk+cancel R2 | incr_cancel | t_cancel
    1 |   0.00182 |         0.00235 |     0.00053 |    -18.3
    5 |   0.00125 |         0.00159 |     0.00034 |     -8.5
   10 |   0.00083 |         0.00107 |     0.00025 |     -6.1
   30 |   0.00092 |         0.00115 |     0.00023 |     -4.1

==========================================================================
SOLUSDT  CALM days ['2024-01-15', '2024-03-13', '2024-05-15', '2024-11-12', '2024-12-16']  (n=432,000 sec, trail=10s)
==========================================================================

--- CONTEMPORANEOUS: 1s return [t-1,t] on same-second OFI (HAC) ---
  trade-only : R2=0.17584  t=29.5
  book-only  : R2=0.43181  t=30.0
  joint      : R2=0.49525  t_tr=21.3  t_bk=27.7
  incr book over trade : 0.31942
  incr trade over book : 0.06344

--- PREDICTIVE: future log-return [t,t+h] on trailing-10s OFI (HAC) ---
  h | trade-only R2      t | book-only R2      t |  joint R2   t_tr   t_bk | incr_book incr_trade
  1 |       0.00054    7.7 |      0.00471   34.7 |   0.00471    0.7   32.1 |   0.00417    0.00000
  5 |       0.00050    4.7 |      0.00290   16.5 |   0.00294    1.3   15.4 |   0.00243    0.00004
 10 |       0.00053    3.8 |      0.00168   10.2 |   0.00180    1.8    8.9 |   0.00127    0.00012
 30 |       0.00034    2.1 |      0.00076    5.4 |   0.00087    1.2    4.5 |   0.00053    0.00011

--- CANCELLATION: best-level size decreases attributed to CANCEL vs TRADE ---
  cancel share = 0.807   (trade share = 0.193)
  Does cancel-imbalance add over trade+book OFI? (trail=10s, HAC)
    h |  tr+bk R2 | tr+bk+cancel R2 | incr_cancel | t_cancel
    1 |   0.00471 |         0.00638 |     0.00167 |    -25.9
    5 |   0.00294 |         0.00417 |     0.00124 |    -12.5
   10 |   0.00180 |         0.00280 |     0.00100 |     -8.6
   30 |   0.00087 |         0.00132 |     0.00045 |     -4.2

==========================================================================
SOLUSDT  CRASH days ['2024-08-05', '2024-08-06'] (yen-carry)  (n=172,800 sec, trail=10s)
==========================================================================

--- CONTEMPORANEOUS: 1s return [t-1,t] on same-second OFI (HAC) ---
  trade-only : R2=0.14355  t=22.2
  book-only  : R2=0.27975  t=26.1
  joint      : R2=0.33902  t_tr=15.1  t_bk=25.3
  incr book over trade : 0.19547
  incr trade over book : 0.05927

--- PREDICTIVE: future log-return [t,t+h] on trailing-10s OFI (HAC) ---
  h | trade-only R2      t | book-only R2      t |  joint R2   t_tr   t_bk | incr_book incr_trade
  1 |       0.00017    1.8 |      0.00096    7.4 |   0.00096    0.3    7.2 |   0.00079    0.00001
  5 |       0.00013    0.9 |      0.00070    3.8 |   0.00070    0.2    3.9 |   0.00057    0.00001
 10 |       0.00030    1.1 |      0.00040    2.4 |   0.00052    0.7    2.0 |   0.00022    0.00012
 30 |       0.00092    1.8 |      0.00057    2.3 |   0.00111    1.5    1.5 |   0.00019    0.00055

--- CANCELLATION: best-level size decreases attributed to CANCEL vs TRADE ---
  cancel share = 0.695   (trade share = 0.305)
  Does cancel-imbalance add over trade+book OFI? (trail=10s, HAC)
    h |  tr+bk R2 | tr+bk+cancel R2 | incr_cancel | t_cancel
    1 |   0.00096 |         0.00115 |     0.00019 |     -6.2
    5 |   0.00070 |         0.00078 |     0.00008 |     -2.3
   10 |   0.00052 |         0.00054 |     0.00002 |     -1.1
   30 |   0.00111 |         0.00127 |     0.00016 |     -2.0

==========================================================================
SOLUSDT  AUG-5 ONLY (2024-08-05 crash)  (n=86,400 sec, trail=10s)
==========================================================================

--- CONTEMPORANEOUS: 1s return [t-1,t] on same-second OFI (HAC) ---
  trade-only : R2=0.13804  t=18.0
  book-only  : R2=0.24886  t=11.7
  joint      : R2=0.30025  t_tr=10.2  t_bk=11.0
  incr book over trade : 0.16221
  incr trade over book : 0.05139

--- PREDICTIVE: future log-return [t,t+h] on trailing-10s OFI (HAC) ---
  h | trade-only R2      t | book-only R2      t |  joint R2   t_tr   t_bk | incr_book incr_trade
  1 |       0.00011    1.2 |      0.00060    3.9 |   0.00060    0.0    3.7 |   0.00049    0.00000
  5 |       0.00009    0.6 |      0.00054    2.2 |   0.00054   -0.1    2.3 |   0.00046    0.00000
 10 |       0.00026    0.9 |      0.00017    1.0 |   0.00031    0.7    0.6 |   0.00005    0.00014
 30 |       0.00128    1.8 |      0.00067    1.7 |   0.00142    1.5    0.8 |   0.00013    0.00075

--- CANCELLATION: best-level size decreases attributed to CANCEL vs TRADE ---
  cancel share = 0.543   (trade share = 0.457)
  Does cancel-imbalance add over trade+book OFI? (trail=10s, HAC)
    h |  tr+bk R2 | tr+bk+cancel R2 | incr_cancel | t_cancel
    1 |   0.00060 |         0.00061 |     0.00000 |     -0.6
    5 |   0.00054 |         0.00055 |     0.00000 |     -0.3
   10 |   0.00031 |         0.00032 |     0.00001 |     -0.4
   30 |   0.00142 |         0.00154 |     0.00013 |     -1.1


##########################################################################
# SYMBOL AVAXUSDT   days available: ['2024-01-15', '2024-03-13', '2024-05-15', '2024-08-05', '2024-08-06', '2024-11-12', '2024-12-16']
##########################################################################

==========================================================================
AVAXUSDT  ALL-2024 (7 days)  (n=604,800 sec, trail=10s)
==========================================================================

--- CONTEMPORANEOUS: 1s return [t-1,t] on same-second OFI (HAC) ---
  trade-only : R2=0.13050  t=23.4
  book-only  : R2=0.57594  t=310.1
  joint      : R2=0.60645  t_tr=19.2  t_bk=234.6
  incr book over trade : 0.47595
  incr trade over book : 0.03051

--- PREDICTIVE: future log-return [t,t+h] on trailing-10s OFI (HAC) ---
  h | trade-only R2      t | book-only R2      t |  joint R2   t_tr   t_bk | incr_book incr_trade
  1 |       0.00032    5.4 |      0.00228   23.9 |   0.00230    1.4   21.8 |   0.00198    0.00002
  5 |       0.00028    2.7 |      0.00155   10.8 |   0.00158    1.0   10.4 |   0.00130    0.00003
 10 |       0.00033    2.0 |      0.00063    5.3 |   0.00076    1.3    4.9 |   0.00043    0.00013
 30 |       0.00057    2.7 |      0.00006    1.3 |   0.00057    2.7    0.2 |   0.00000    0.00051

--- CANCELLATION: best-level size decreases attributed to CANCEL vs TRADE ---
  cancel share = 0.898   (trade share = 0.102)
  Does cancel-imbalance add over trade+book OFI? (trail=10s, HAC)
    h |  tr+bk R2 | tr+bk+cancel R2 | incr_cancel | t_cancel
    1 |   0.00230 |         0.00294 |     0.00064 |    -13.4
    5 |   0.00158 |         0.00162 |     0.00004 |     -1.9
   10 |   0.00076 |         0.00080 |     0.00004 |      1.5
   30 |   0.00057 |         0.00087 |     0.00030 |      2.8

==========================================================================
AVAXUSDT  CALM days ['2024-01-15', '2024-03-13', '2024-05-15', '2024-11-12', '2024-12-16']  (n=432,000 sec, trail=10s)
==========================================================================

--- CONTEMPORANEOUS: 1s return [t-1,t] on same-second OFI (HAC) ---
  trade-only : R2=0.18870  t=19.4
  book-only  : R2=0.53197  t=227.8
  joint      : R2=0.59000  t_tr=16.6  t_bk=136.6
  incr book over trade : 0.40131
  incr trade over book : 0.05804

--- PREDICTIVE: future log-return [t,t+h] on trailing-10s OFI (HAC) ---
  h | trade-only R2      t | book-only R2      t |  joint R2   t_tr   t_bk | incr_book incr_trade
  1 |       0.00035    4.2 |      0.00429   33.3 |   0.00430   -0.5   28.3 |   0.00395    0.00000
  5 |       0.00020    2.8 |      0.00357   17.3 |   0.00360   -1.0   16.9 |   0.00340    0.00003
 10 |       0.00025    2.5 |      0.00236   10.8 |   0.00236    0.1   10.4 |   0.00212    0.00000
 30 |       0.00068    3.2 |      0.00119    5.7 |   0.00144    2.0    4.7 |   0.00076    0.00025

--- CANCELLATION: best-level size decreases attributed to CANCEL vs TRADE ---
  cancel share = 0.873   (trade share = 0.127)
  Does cancel-imbalance add over trade+book OFI? (trail=10s, HAC)
    h |  tr+bk R2 | tr+bk+cancel R2 | incr_cancel | t_cancel
    1 |   0.00430 |         0.00461 |     0.00031 |     -9.3
    5 |   0.00360 |         0.00363 |     0.00004 |     -1.9
   10 |   0.00236 |         0.00236 |     0.00000 |      0.2
   30 |   0.00144 |         0.00146 |     0.00001 |      0.6

==========================================================================
AVAXUSDT  CRASH days ['2024-08-05', '2024-08-06'] (yen-carry)  (n=172,800 sec, trail=10s)
==========================================================================

--- CONTEMPORANEOUS: 1s return [t-1,t] on same-second OFI (HAC) ---
  trade-only : R2=0.09162  t=13.2
  book-only  : R2=0.61218  t=229.5
  joint      : R2=0.62150  t_tr=9.3  t_bk=202.0
  incr book over trade : 0.52989
  incr trade over book : 0.00933

--- PREDICTIVE: future log-return [t,t+h] on trailing-10s OFI (HAC) ---
  h | trade-only R2      t | book-only R2      t |  joint R2   t_tr   t_bk | incr_book incr_trade
  1 |       0.00035    3.6 |      0.00138   12.4 |   0.00145    1.6   11.0 |   0.00110    0.00007
  5 |       0.00047    1.7 |      0.00069    4.7 |   0.00091    1.1    3.8 |   0.00044    0.00022
 10 |       0.00051    1.1 |      0.00010    1.3 |   0.00052    1.0    0.5 |   0.00001    0.00042
 30 |       0.00050    1.2 |      0.00010   -1.0 |   0.00079    1.5   -2.1 |   0.00029    0.00069

--- CANCELLATION: best-level size decreases attributed to CANCEL vs TRADE ---
  cancel share = 0.918   (trade share = 0.082)
  Does cancel-imbalance add over trade+book OFI? (trail=10s, HAC)
    h |  tr+bk R2 | tr+bk+cancel R2 | incr_cancel | t_cancel
    1 |   0.00145 |         0.00271 |     0.00126 |    -12.2
    5 |   0.00091 |         0.00107 |     0.00016 |     -2.4
   10 |   0.00052 |         0.00054 |     0.00002 |      0.6
   30 |   0.00079 |         0.00125 |     0.00047 |      2.1

==========================================================================
AVAXUSDT  AUG-5 ONLY (2024-08-05 crash)  (n=86,400 sec, trail=10s)
==========================================================================

--- CONTEMPORANEOUS: 1s return [t-1,t] on same-second OFI (HAC) ---
  trade-only : R2=0.11122  t=17.7
  book-only  : R2=0.67674  t=213.5
  joint      : R2=0.68329  t_tr=7.2  t_bk=200.2
  incr book over trade : 0.57208
  incr trade over book : 0.00656

--- PREDICTIVE: future log-return [t,t+h] on trailing-10s OFI (HAC) ---
  h | trade-only R2      t | book-only R2      t |  joint R2   t_tr   t_bk | incr_book incr_trade
  1 |       0.00046    3.2 |      0.00064    5.8 |   0.00084    2.1    4.4 |   0.00037    0.00020
  5 |       0.00066    1.5 |      0.00020    1.7 |   0.00070    1.3    0.8 |   0.00004    0.00050
 10 |       0.00077    1.0 |      0.00001   -0.2 |   0.00092    1.1   -1.2 |   0.00015    0.00091
 30 |       0.00076    1.1 |      0.00030   -1.2 |   0.00153    1.5   -2.3 |   0.00077    0.00123

--- CANCELLATION: best-level size decreases attributed to CANCEL vs TRADE ---
  cancel share = 0.885   (trade share = 0.115)
  Does cancel-imbalance add over trade+book OFI? (trail=10s, HAC)
    h |  tr+bk R2 | tr+bk+cancel R2 | incr_cancel | t_cancel
    1 |   0.00084 |         0.00161 |     0.00078 |     -7.3
    5 |   0.00070 |         0.00077 |     0.00006 |     -1.1
   10 |   0.00092 |         0.00098 |     0.00006 |      0.9
   30 |   0.00153 |         0.00215 |     0.00061 |      1.9


==========================================================================================
MASTER SUMMARY TABLES (NUMBERS)
==========================================================================================

[1] CONTEMPORANEOUS book-OFI incremental R^2 over trade-OFI
      sym |      ALL     CALM    CRASH     AUG5
  BTCUSDT |   0.1548   0.2304   0.1608   0.1623
  ETHUSDT |   0.1137   0.2439   0.1653   0.1660
  SOLUSDT |   0.1993   0.3194   0.1955   0.1622
 AVAXUSDT |   0.4759   0.4013   0.5299   0.5721

[1b] CONTEMPORANEOUS joint R^2 (trade+book)
      sym |      ALL     CALM    CRASH     AUG5
  BTCUSDT |   0.3220   0.4317   0.3369   0.3354
  ETHUSDT |   0.2301   0.3829   0.2913   0.2937
  SOLUSDT |   0.3424   0.4953   0.3390   0.3003
 AVAXUSDT |   0.6064   0.5900   0.6215   0.6833

[2] PREDICTIVE incr book-OFI R^2 by horizon  (ALL)
      sym |       h=1       h=5      h=10      h=30
  BTCUSDT |   0.00290   0.00219   0.00141   0.00053
  ETHUSDT |   0.00126   0.00084   0.00031   0.00019
  SOLUSDT |   0.00156   0.00102   0.00047   0.00025
 AVAXUSDT |   0.00198   0.00130   0.00043   0.00000

[2] PREDICTIVE incr book-OFI R^2 by horizon  (CALM)
      sym |       h=1       h=5      h=10      h=30
  BTCUSDT |   0.00581   0.00551   0.00361   0.00126
  ETHUSDT |   0.00474   0.00360   0.00191   0.00075
  SOLUSDT |   0.00417   0.00243   0.00127   0.00053
 AVAXUSDT |   0.00395   0.00340   0.00212   0.00076

[2] PREDICTIVE incr book-OFI R^2 by horizon  (CRASH)
      sym |       h=1       h=5      h=10      h=30
  BTCUSDT |   0.00222   0.00125   0.00082   0.00034
  ETHUSDT |   0.00076   0.00040   0.00021   0.00030
  SOLUSDT |   0.00079   0.00057   0.00022   0.00019
 AVAXUSDT |   0.00110   0.00044   0.00001   0.00029

[2] PREDICTIVE incr book-OFI R^2 by horizon  (AUG5)
      sym |       h=1       h=5      h=10      h=30
  BTCUSDT |   0.00127   0.00096   0.00078   0.00023
  ETHUSDT |   0.00039   0.00025   0.00019   0.00034
  SOLUSDT |   0.00049   0.00046   0.00005   0.00013
 AVAXUSDT |   0.00037   0.00004   0.00015   0.00077

[2b] PREDICTIVE joint R^2 (trade+book) by horizon  (ALL)
      sym |       h=1       h=5      h=10      h=30
  BTCUSDT |   0.00456   0.00406   0.00323   0.00222
  ETHUSDT |   0.00218   0.00271   0.00395   0.00184
  SOLUSDT |   0.00182   0.00125   0.00083   0.00092
 AVAXUSDT |   0.00230   0.00158   0.00076   0.00057

[2b] PREDICTIVE joint R^2 (trade+book) by horizon  (CRASH)
      sym |       h=1       h=5      h=10      h=30
  BTCUSDT |   0.00372   0.00377   0.00332   0.00216
  ETHUSDT |   0.00168   0.00324   0.00677   0.00282
  SOLUSDT |   0.00096   0.00070   0.00052   0.00111
 AVAXUSDT |   0.00145   0.00091   0.00052   0.00079

[2b] PREDICTIVE joint R^2 (trade+book) by horizon  (AUG5)
      sym |       h=1       h=5      h=10      h=30
  BTCUSDT |   0.00289   0.00411   0.00408   0.00297
  ETHUSDT |   0.00151   0.00425   0.00949   0.00405
  SOLUSDT |   0.00060   0.00054   0.00031   0.00142
 AVAXUSDT |   0.00084   0.00070   0.00092   0.00153

[3] CANCELLATION share of best-level size reductions
      sym |      ALL     CALM    CRASH     AUG5
  BTCUSDT |    0.802    0.788    0.821    0.729
  ETHUSDT |    0.803    0.827    0.753    0.614
  SOLUSDT |    0.768    0.807    0.695    0.543
 AVAXUSDT |    0.898    0.873    0.918    0.885

[4] cancel-imb incremental predictive R^2 over trade+book OFI (h=1)
      sym |   ALL incr   ALL t |  CRASH incr  CRASH t |  AUG5 incr   AUG5 t
  BTCUSDT |    0.00201   -34.8 |     0.00144    -20.9 |    0.00040     -7.8
  ETHUSDT |    0.00076   -13.3 |     0.00016     -3.5 |    0.00000      0.1
  SOLUSDT |    0.00053   -18.3 |     0.00019     -6.2 |    0.00000     -0.6
 AVAXUSDT |    0.00064   -13.4 |     0.00126    -12.2 |    0.00078     -7.3

DONE.
