41 Binance-universe majors on Coinbase USD: ['BTC', 'ETH', 'SOL', 'LINK', 'ADA', 'XRP', 'BNB', 'AVAX', 'DOGE', 'FET', 'VET', 'GALA', 'SHIB', 'LTC', 'ATOM', 'DOT', 'XLM', 'HBAR', 'VTHO', 'BCH', 'ALGO', 'NEAR', 'AAVE', 'FLOKI', 'UNI', 'ROSE', 'GRT', 'YFI', 'OP', 'EGLD', 'ACH', 'ZRX', 'LDO', 'MANA', 'STORJ', 'FIL', 'APE', 'NMR', 'SAND', 'SUSHI', 'IMX']
  [1/41] BTC: 47436 hourly bars 2021-01-01..2026-06-01 (elapsed 116s)
  [2/41] ETH: 47436 hourly bars 2021-01-01..2026-06-01 (elapsed 198s)
  [3/41] SOL: 43410 hourly bars 2021-06-17..2026-06-01 (elapsed 278s)
  [4/41] LINK: 47434 hourly bars 2021-01-01..2026-06-01 (elapsed 358s)
  [5/41] ADA: 45594 hourly bars 2021-03-18..2026-06-01 (elapsed 438s)
  [6/41] XRP: 25718 hourly bars 2021-01-01..2026-06-01 (elapsed 517s)
  [7/41] BNB: 5300 hourly bars 2025-10-22..2026-06-01 (elapsed 595s)
  [8/41] AVAX: 40888 hourly bars 2021-09-30..2026-06-01 (elapsed 678s)
  [9/41] DOGE: 43746 hourly bars 2021-06-03..2026-06-01 (elapsed 758s)
  [10/41] FET: 42449 hourly bars 2021-07-27..2026-06-01 (elapsed 839s)
  [11/41] VET: 23782 hourly bars 2023-09-13..2026-06-01 (elapsed 916s)
  [12/41] GALA: 13003 hourly bars 2021-11-16..2023-05-12 (elapsed 992s)
  [13/41] SHIB: 41394 hourly bars 2021-09-09..2026-06-01 (elapsed 1071s)
  [14/41] LTC: 47434 hourly bars 2021-01-01..2026-06-01 (elapsed 1152s)
  [15/41] ATOM: 47435 hourly bars 2021-01-01..2026-06-01 (elapsed 1230s)
  [16/41] DOT: 43434 hourly bars 2021-06-16..2026-06-01 (elapsed 1308s)
  [17/41] XLM: 47434 hourly bars 2021-01-01..2026-06-01 (elapsed 1389s)
  [18/41] HBAR: 31817 hourly bars 2022-10-13..2026-06-01 (elapsed 1470s)
  [19/41] VTHO: 23578 hourly bars 2023-09-13..2026-06-01 (elapsed 1551s)
  [20/41] BCH: 47435 hourly bars 2021-01-01..2026-06-01 (elapsed 1632s)
  [21/41] ALGO: 47433 hourly bars 2021-01-01..2026-06-01 (elapsed 1712s)
  [22/41] NEAR: 32825 hourly bars 2022-09-01..2026-06-01 (elapsed 1787s)
  [23/41] AAVE: 47434 hourly bars 2021-01-01..2026-06-01 (elapsed 1866s)
  [24/41] FLOKI: 13306 hourly bars 2024-11-21..2026-06-01 (elapsed 1942s)
  [25/41] UNI: 47434 hourly bars 2021-01-01..2026-06-01 (elapsed 2021s)
  [26/41] ROSE: 35892 hourly bars 2022-04-26..2026-06-01 (elapsed 2100s)
  [27/41] GRT: 47381 hourly bars 2021-01-01..2026-06-01 (elapsed 2177s)
  [28/41] YFI: 47400 hourly bars 2021-01-01..2026-06-01 (elapsed 2257s)
  [29/41] OP: 35016 hourly bars 2022-06-01..2026-06-01 (elapsed 2336s)
  [30/41] EGLD: 30306 hourly bars 2022-12-07..2026-06-01 (elapsed 2416s)
  [31/41] ACH: 42280 hourly bars 2021-08-03..2026-06-01 (elapsed 2495s)
  [32/41] ZRX: 47425 hourly bars 2021-01-01..2026-06-01 (elapsed 2576s)
  [33/41] LDO: 30951 hourly bars 2022-11-17..2026-06-01 (elapsed 2656s)
  [34/41] MANA: 44796 hourly bars 2021-04-20..2026-06-01 (elapsed 2735s)
  [35/41] STORJ: 44474 hourly bars 2021-03-25..2026-06-01 (elapsed 2816s)
  [36/41] FIL: 47433 hourly bars 2021-01-01..2026-06-01 (elapsed 2898s)
  [37/41] APE: 36790 hourly bars 2022-03-17..2026-06-01 (elapsed 2977s)
  [38/41] NMR: 47299 hourly bars 2021-01-01..2026-06-01 (elapsed 3056s)
  [39/41] SAND: 35164 hourly bars 2022-05-26..2026-06-01 (elapsed 3136s)
  [40/41] SUSHI: 45712 hourly bars 2021-03-11..2026-06-01 (elapsed 3224s)
  [41/41] IMX: 39209 hourly bars 2021-12-09..2026-06-01 (elapsed 3303s)
DONE in 3303s
