  loaded BTCUSDT 2024-01-02: 576 order-rows (elapsed 6s)
  loaded BTCUSDT 2024-01-03: 576 order-rows (elapsed 13s)
  loaded BTCUSDT 2024-01-04: 576 order-rows (elapsed 19s)
  loaded BTCUSDT 2024-01-05: 576 order-rows (elapsed 25s)
  loaded BTCUSDT 2024-01-06: 576 order-rows (elapsed 30s)
  loaded BTCUSDT 2024-01-07: 576 order-rows (elapsed 35s)
  loaded BTCUSDT 2024-01-08: 576 order-rows (elapsed 42s)
  loaded BTCUSDT 2024-01-09: 576 order-rows (elapsed 49s)
  loaded ETHUSDT 2024-01-02: 576 order-rows (elapsed 54s)
  loaded ETHUSDT 2024-01-03: 576 order-rows (elapsed 61s)
  loaded ETHUSDT 2024-01-04: 576 order-rows (elapsed 66s)
  loaded ETHUSDT 2024-01-05: 576 order-rows (elapsed 72s)
  loaded ETHUSDT 2024-01-06: 576 order-rows (elapsed 77s)
  loaded ETHUSDT 2024-01-07: 576 order-rows (elapsed 83s)
  loaded ETHUSDT 2024-01-08: 576 order-rows (elapsed 89s)
  loaded ETHUSDT 2024-01-09: 576 order-rows (elapsed 95s)
  loaded SOLUSDT 2024-01-02: 576 order-rows (elapsed 101s)
  loaded SOLUSDT 2024-01-03: 576 order-rows (elapsed 107s)
  loaded SOLUSDT 2024-01-04: 576 order-rows (elapsed 113s)
  loaded SOLUSDT 2024-01-05: 576 order-rows (elapsed 119s)
  loaded SOLUSDT 2024-01-06: 576 order-rows (elapsed 124s)
  loaded SOLUSDT 2024-01-07: 576 order-rows (elapsed 129s)
  loaded SOLUSDT 2024-01-08: 576 order-rows (elapsed 135s)
  loaded SOLUSDT 2024-01-09: 576 order-rows (elapsed 141s)
  loaded AVAXUSDT 2024-01-02: 576 order-rows (elapsed 145s)
  loaded AVAXUSDT 2024-01-03: 576 order-rows (elapsed 150s)
  loaded AVAXUSDT 2024-01-04: 576 order-rows (elapsed 154s)
  loaded AVAXUSDT 2024-01-05: 576 order-rows (elapsed 158s)
  loaded AVAXUSDT 2024-01-06: 576 order-rows (elapsed 162s)
  loaded AVAXUSDT 2024-01-07: 576 order-rows (elapsed 166s)
  loaded AVAXUSDT 2024-01-08: 576 order-rows (elapsed 171s)
  loaded AVAXUSDT 2024-01-09: 576 order-rows (elapsed 175s)

Total order-rows: 18432  (n unique order times x sizes)

==============================================================================================================
MAIN TABLE  (cost in bps vs arrival mid; positive = worse than mid). Back-of-queue (pessimistic) fills.
==============================================================================================================
sym        size |  AGG mean |         NAIVE30 mean/med/p90/p95 (fill%) | NAIVE60 mean (fill%) | L3-30 mean L3-60 mean
------------------------------------------------------------------------------------------------------------------------------------------------------
BTCUSDT   10000 |      0.03 |    1.24/ -0.00/  4.85/  7.66 (  49%) |          1.58 (  60%) |       0.59       0.72
BTCUSDT   50000 |      0.11 |    1.50/ -0.00/  5.57/  8.54 (  41%) |          2.02 (  55%) |       0.64       0.79
ETHUSDT   10000 |      0.08 |    1.35/ -0.02/  5.65/  8.33 (  40%) |          1.95 (  54%) |       0.57       0.79
ETHUSDT   50000 |      0.24 |    1.44/ -0.02/  6.19/  9.13 (  28%) |          2.11 (  42%) |       0.68       0.87
SOLUSDT   10000 |      0.90 |    3.57/ -0.49/ 14.34/ 20.90 (  59%) |          4.16 (  71%) |       1.95       2.18
SOLUSDT   50000 |      2.23 |    4.68/ -0.44/ 17.33/ 23.82 (  36%) |          6.04 (  53%) |       3.13       3.71
AVAXUSDT  10000 |      2.31 |    3.55/  1.23/ 15.88/ 21.25 (  24%) |          4.93 (  38%) |       2.99       3.55
AVAXUSDT  50000 |      4.83 |    5.00/  4.18/ 18.94/ 24.96 (   5%) |          6.28 (  13%) |       5.29       5.84

==============================================================================================================
HEADLINE: bps saved by L3-aware (H=30s, back-of-queue)
  save_vs_naive = naive30 - l3_30  (>0 = L3 cheaper than naive passive: pure selection skill)
  save_vs_agg   = agg - l3_30      (>0 = L3 cheaper than always-cross)
==============================================================================================================
sym        size |     AGG  NAIVE30   L3-30 | save_vs_naive save_vs_agg | L3 post%  spread
------------------------------------------------------------------------------------------
BTCUSDT   10000 |    0.03     1.24    0.59 |          0.65       -0.55 |      38%    0.02
BTCUSDT   50000 |    0.11     1.50    0.64 |          0.87       -0.52 |      38%    0.02
ETHUSDT   10000 |    0.08     1.35    0.57 |          0.78       -0.49 |      37%    0.06
ETHUSDT   50000 |    0.24     1.44    0.68 |          0.76       -0.44 |      37%    0.06
SOLUSDT   10000 |    0.90     3.57    1.95 |          1.62       -1.05 |      33%    1.04
SOLUSDT   50000 |    2.23     4.68    3.13 |          1.55       -0.90 |      33%    1.04
AVAXUSDT  10000 |    2.31     3.55    2.99 |          0.56       -0.68 |      42%    2.77
AVAXUSDT  50000 |    4.83     5.00    5.29 |         -0.29       -0.47 |      42%    2.77

==============================================================================================================
HONESTY (i): FRONT-OF-QUEUE (optimistic, queue_ahead=0) -- does L3 saving survive?
==============================================================================================================
sym        size | NAIVE30(f)  L3-30(f) save_vs_naive | NAIVEfill%
----------------------------------------------------------------------
BTCUSDT   10000 |       0.96      0.48          0.47 |        77%
BTCUSDT   50000 |       1.54      0.67          0.87 |        62%
ETHUSDT   10000 |       1.29      0.61          0.68 |        67%
ETHUSDT   50000 |       1.66      0.76          0.90 |        43%
SOLUSDT   10000 |       3.06      1.71          1.34 |        70%
SOLUSDT   50000 |       4.62      3.09          1.53 |        42%
AVAXUSDT  10000 |       3.72      3.04          0.68 |        37%
AVAXUSDT  50000 |       5.08      5.31         -0.22 |         7%

==============================================================================================================
HONESTY (ii): pure selection skill. Both naive & L3 capture spread when filled;
  the gap is ONLY order selection. Pooled across all symbols/sizes (back-of-queue, H=30):
==============================================================================================================

  size $10,000  (n=9216):
    pooled mean cost  AGG=  0.83  NAIVE=  2.43  L3=  1.52  | L3 save vs naive=  0.90  vs agg= -0.69
    L3 CROSSED 5782 orders (63%): naive-passive would have cost   2.17 there, agg cost   0.73 -> selection AVOIDED +1.44 bps
    L3 POSTED  3434 orders (37%): naive-passive cost   2.86 there

  size $50,000  (n=9216):
    pooled mean cost  AGG=  1.85  NAIVE=  3.16  L3=  2.44  | L3 save vs naive=  0.72  vs agg= -0.58
    L3 CROSSED 5782 orders (63%): naive-passive would have cost   2.88 there, agg cost   1.73 -> selection AVOIDED +1.15 bps
    L3 POSTED  3434 orders (37%): naive-passive cost   3.62 there

==============================================================================================================
HONESTY (iii): PLACEBO -- L3 signal vs RANDOM post/cross at the SAME post-rate.
  If L3 has real selection skill it should beat the random placebo (lower cost).
==============================================================================================================
  size $10,000: L3= 1.524  random-same-rate placebo= 1.423 (sd=0.039)  edge=-0.101 bps (z=+2.59)  -> WORSE than placebo
             naive-passive cost on L3-POSTED= 2.86 vs L3-CROSSED= 2.17  -> signal flags worse-passive orders to cross? False
  size $50,000: L3= 2.436  random-same-rate placebo= 2.334 (sd=0.044)  edge=-0.102 bps (z=+2.31)  -> WORSE than placebo
             naive-passive cost on L3-POSTED= 3.62 vs L3-CROSSED= 2.88  -> signal flags worse-passive orders to cross? False

Done in 175s. Wrote exec_value_orders.csv, exec_value_summary.csv
