  loaded BTCUSDT 2024-01-15: 576 order-rows (elapsed 6s)
  loaded BTCUSDT 2024-02-15: 576 order-rows (elapsed 13s)
  loaded BTCUSDT 2024-03-13: 576 order-rows (elapsed 21s)
  loaded BTCUSDT 2024-04-16: 576 order-rows (elapsed 29s)
  loaded BTCUSDT 2024-05-15: 576 order-rows (elapsed 35s)
  loaded BTCUSDT 2024-06-14: 576 order-rows (elapsed 41s)
  loaded BTCUSDT 2024-07-15: 576 order-rows (elapsed 49s)
  loaded BTCUSDT 2024-08-05: 576 order-rows (elapsed 61s)
  loaded BTCUSDT 2024-08-06: 576 order-rows (elapsed 70s)
  loaded BTCUSDT 2024-09-16: 576 order-rows (elapsed 77s)
  loaded BTCUSDT 2024-10-15: 576 order-rows (elapsed 86s)
  loaded BTCUSDT 2024-11-12: 576 order-rows (elapsed 99s)
  loaded BTCUSDT 2024-12-16: 576 order-rows (elapsed 110s)
  loaded ETHUSDT 2024-01-15: 576 order-rows (elapsed 116s)
  loaded ETHUSDT 2024-02-15: 576 order-rows (elapsed 123s)
  loaded ETHUSDT 2024-03-13: 576 order-rows (elapsed 130s)
  loaded ETHUSDT 2024-04-16: 576 order-rows (elapsed 137s)
  loaded ETHUSDT 2024-05-15: 576 order-rows (elapsed 142s)
  loaded ETHUSDT 2024-06-14: 576 order-rows (elapsed 147s)
  loaded ETHUSDT 2024-07-15: 576 order-rows (elapsed 154s)
  loaded ETHUSDT 2024-08-05: 576 order-rows (elapsed 166s)
  loaded ETHUSDT 2024-08-06: 576 order-rows (elapsed 174s)
  loaded ETHUSDT 2024-09-16: 576 order-rows (elapsed 181s)
  loaded ETHUSDT 2024-10-15: 576 order-rows (elapsed 188s)
  loaded ETHUSDT 2024-11-12: 576 order-rows (elapsed 198s)
  loaded ETHUSDT 2024-12-16: 576 order-rows (elapsed 208s)
  loaded SOLUSDT 2024-01-15: 576 order-rows (elapsed 213s)
  loaded SOLUSDT 2024-02-15: 576 order-rows (elapsed 219s)
  loaded SOLUSDT 2024-03-13: 576 order-rows (elapsed 225s)
  loaded SOLUSDT 2024-04-16: 576 order-rows (elapsed 232s)
  loaded SOLUSDT 2024-05-15: 576 order-rows (elapsed 238s)
  loaded SOLUSDT 2024-06-14: 576 order-rows (elapsed 245s)
  loaded SOLUSDT 2024-07-15: 576 order-rows (elapsed 253s)
  loaded SOLUSDT 2024-08-05: 576 order-rows (elapsed 264s)
  loaded SOLUSDT 2024-08-06: 576 order-rows (elapsed 273s)
  loaded SOLUSDT 2024-09-16: 576 order-rows (elapsed 279s)
  loaded SOLUSDT 2024-10-15: 576 order-rows (elapsed 286s)
  loaded SOLUSDT 2024-11-12: 576 order-rows (elapsed 295s)
  loaded SOLUSDT 2024-12-16: 576 order-rows (elapsed 302s)
  loaded AVAXUSDT 2024-01-15: 576 order-rows (elapsed 306s)
  loaded AVAXUSDT 2024-02-15: 576 order-rows (elapsed 310s)
  loaded AVAXUSDT 2024-03-13: 576 order-rows (elapsed 315s)
  loaded AVAXUSDT 2024-04-16: 576 order-rows (elapsed 320s)
  loaded AVAXUSDT 2024-05-15: 576 order-rows (elapsed 323s)
  loaded AVAXUSDT 2024-06-14: 576 order-rows (elapsed 327s)
  loaded AVAXUSDT 2024-07-15: 576 order-rows (elapsed 330s)
  loaded AVAXUSDT 2024-08-05: 576 order-rows (elapsed 336s)
  loaded AVAXUSDT 2024-08-06: 576 order-rows (elapsed 341s)
  loaded AVAXUSDT 2024-09-16: 576 order-rows (elapsed 344s)
  loaded AVAXUSDT 2024-10-15: 576 order-rows (elapsed 348s)
  loaded AVAXUSDT 2024-11-12: 576 order-rows (elapsed 354s)
  loaded AVAXUSDT 2024-12-16: 576 order-rows (elapsed 359s)

Total order-rows: 29952  across 13 dates, 4 symbols

==============================================================================================================
MAIN TABLE  (cost in bps vs arrival mid; positive=worse). Back-of-queue fills. ALL 2024.
==============================================================================================================
sym        size |     AGG |         NAIVE30 mean/med/p90/p95 (fill%) |    NAIVE60 (fill%) |   L3-30   L3-60
----------------------------------------------------------------------------------------------------------------------------------
BTCUSDT   10000 |    0.02 |    1.49/ -0.00/  6.10/  9.33 (  49%) |        1.91 (  60%) |    0.64    0.84
BTCUSDT   50000 |    0.09 |    1.63/ -0.00/  6.52/  9.84 (  44%) |        2.09 (  56%) |    0.71    0.93
ETHUSDT   10000 |    0.08 |    1.94/ -0.01/  7.32/ 10.77 (  49%) |        2.40 (  60%) |    0.80    0.98
ETHUSDT   50000 |    0.26 |    2.18/ -0.01/  8.26/ 12.33 (  38%) |        2.74 (  52%) |    0.94    1.13
SOLUSDT   10000 |    0.56 |    2.68/ -0.32/ 10.06/ 16.72 (  52%) |        3.31 (  63%) |    1.36    1.68
SOLUSDT   50000 |    1.28 |    3.36/ -0.23/ 12.39/ 19.97 (  36%) |        4.22 (  50%) |    2.01    2.36
AVAXUSDT  10000 |    2.09 |    3.36/  1.57/ 15.09/ 21.32 (  19%) |        4.06 (  29%) |    2.70    2.93
AVAXUSDT  50000 |    4.45 |    4.91/  3.76/ 18.30/ 25.17 (   5%) |        5.50 (  12%) |    4.69    4.89

==============================================================================================================
POOLED (ALL 2024) HEADLINE + VERIFICATION  (H=30s, back-of-queue, lower=better)
  edge_vs_placebo>0 => L3 signal beats a random post/cross at same post-rate (real skill)
  oracle_saves_vs_agg ~0 => NO post/cross rule can beat just crossing
  corr ~0 => book-OFI signal carries no execution-timing info
==============================================================================================================

--- $10,000  (n=14976, post-rate=36%, fill%=42, spread=1.01bps) ---
    AGG=  0.686  NAIVE=  2.369  L3=  1.373  L3flip=  1.682  ORACLE= -0.434  ANTI=  3.489
    placebo=  1.295(sd0.031)  L3-edge_vs_placebo=-0.078bps (z=+2.50)  oracle_saves_vs_agg=+1.120bps
    corr(book-OFI dir, passive-minus-agg)=+0.0391

--- $50,000  (n=14976, post-rate=36%, fill%=31, spread=1.01bps) ---
    AGG=  1.519  NAIVE=  3.019  L3=  2.086  L3flip=  2.452  ORACLE= -0.159  ANTI=  4.696
    placebo=  2.061(sd0.036)  L3-edge_vs_placebo=-0.025bps (z=+0.69)  oracle_saves_vs_agg=+1.677bps
    corr(book-OFI dir, passive-minus-agg)=+0.0222

--- POOLED (both sizes)  (n=29952, post-rate=36%, fill%=36, spread=1.01bps) ---
    AGG=  1.102  NAIVE=  2.694  L3=  1.730  L3flip=  2.067  ORACLE= -0.296  ANTI=  4.093
    placebo=  1.679(sd0.024)  L3-edge_vs_placebo=-0.051bps (z=+2.13)  oracle_saves_vs_agg=+1.398bps
    corr(book-OFI dir, passive-minus-agg)=+0.0299

==============================================================================================================
PLACEBO check (L3 vs random post/cross at same post-rate), per size, ALL 2024
==============================================================================================================
  size $10,000: L3= 1.373  placebo= 1.296 (sd=0.031)  edge=-0.077bps (z=+2.45) -> WORSE than placebo
  size $50,000: L3= 2.086  placebo= 2.062 (sd=0.035)  edge=-0.024bps (z=+0.68) -> WORSE than placebo

==============================================================================================================
REGIME BREAKDOWN: does the L3 signal acquire an execution edge in high-vol?
  Compare crash day (2024-08-05) vs all calm days. (pooled over symbols+sizes)
==============================================================================================================

--- CALM days (12 dates)  (n=27648, post-rate=37%, fill%=34, spread=0.96bps) ---
    AGG=  1.011  NAIVE=  2.396  L3=  1.560  L3flip=  1.847  ORACLE= -0.309  ANTI=  3.716
    placebo=  1.519(sd0.020)  L3-edge_vs_placebo=-0.041bps (z=+2.02)  oracle_saves_vs_agg=+1.320bps
    corr(book-OFI dir, passive-minus-agg)=+0.0383

--- CRASH day 2024-08-05  (n=2304, post-rate=32%, fill%=60, spread=1.59bps) ---
    AGG=  2.195  NAIVE=  6.274  L3=  3.771  L3flip=  4.698  ORACLE= -0.146  ANTI=  8.615
    placebo=  3.487(sd0.182)  L3-edge_vs_placebo=-0.284bps (z=+1.56)  oracle_saves_vs_agg=+2.341bps
    corr(book-OFI dir, passive-minus-agg)=+0.0034

--- 2024-08-06 (crash aftermath)  (n=2304, post-rate=32%, fill%=41, spread=1.40bps) ---
    AGG=  1.384  NAIVE=  3.257  L3=  1.971  L3flip=  2.671  ORACLE= -0.465  ANTI=  5.106
    placebo=  1.991(sd0.089)  L3-edge_vs_placebo=+0.020bps (z=-0.23)  oracle_saves_vs_agg=+1.849bps
    corr(book-OFI dir, passive-minus-agg)=+0.0201

--- 2024-03-13 (BTC near ATH)  (n=2304, post-rate=37%, fill%=42, spread=0.63bps) ---
    AGG=  0.812  NAIVE=  2.666  L3=  1.658  L3flip=  1.820  ORACLE= -0.199  ANTI=  3.677
    placebo=  1.503(sd0.072)  L3-edge_vs_placebo=-0.155bps (z=+2.14)  oracle_saves_vs_agg=+1.011bps
    corr(book-OFI dir, passive-minus-agg)=+0.0635

==============================================================================================================
PER-MONTH (pooled symbols+sizes): mean costs, L3 edge vs placebo, signal corr
==============================================================================================================

--- 2024-01-15  (n=2304, post-rate=39%, fill%=28, spread=0.97bps) ---
    AGG=  1.200  NAIVE=  2.011  L3=  1.345  L3flip=  1.866  ORACLE= -0.336  ANTI=  3.547
    placebo=  1.516(sd0.060)  L3-edge_vs_placebo=+0.172bps (z=-2.86)  oracle_saves_vs_agg=+1.536bps
    corr(book-OFI dir, passive-minus-agg)=-0.0938

--- 2024-02-15  (n=2304, post-rate=38%, fill%=33, spread=0.82bps) ---
    AGG=  0.737  NAIVE=  1.871  L3=  1.230  L3flip=  1.378  ORACLE= -0.610  ANTI=  3.218
    placebo=  1.162(sd0.064)  L3-edge_vs_placebo=-0.068bps (z=+1.06)  oracle_saves_vs_agg=+1.348bps
    corr(book-OFI dir, passive-minus-agg)=+0.0573

--- 2024-03-13  (n=2304, post-rate=37%, fill%=42, spread=0.63bps) ---
    AGG=  0.812  NAIVE=  2.666  L3=  1.658  L3flip=  1.820  ORACLE= -0.199  ANTI=  3.677
    placebo=  1.502(sd0.071)  L3-edge_vs_placebo=-0.155bps (z=+2.18)  oracle_saves_vs_agg=+1.011bps
    corr(book-OFI dir, passive-minus-agg)=+0.0635

--- 2024-04-16  (n=2304, post-rate=38%, fill%=45, spread=0.93bps) ---
    AGG=  1.250  NAIVE=  3.506  L3=  2.193  L3flip=  2.562  ORACLE= -0.405  ANTI=  5.161
    placebo=  2.094(sd0.105)  L3-edge_vs_placebo=-0.099bps (z=+0.94)  oracle_saves_vs_agg=+1.655bps
    corr(book-OFI dir, passive-minus-agg)=+0.0153

--- 2024-05-15  (n=2304, post-rate=36%, fill%=30, spread=0.94bps) ---
    AGG=  0.936  NAIVE=  1.644  L3=  1.204  L3flip=  1.376  ORACLE= -0.200  ANTI=  2.779
    placebo=  1.190(sd0.048)  L3-edge_vs_placebo=-0.014bps (z=+0.29)  oracle_saves_vs_agg=+1.135bps
    corr(book-OFI dir, passive-minus-agg)=+0.0406

--- 2024-06-14  (n=2304, post-rate=44%, fill%=23, spread=0.99bps) ---
    AGG=  0.857  NAIVE=  1.729  L3=  1.392  L3flip=  1.194  ORACLE= -0.408  ANTI=  2.994
    placebo=  1.242(sd0.061)  L3-edge_vs_placebo=-0.150bps (z=+2.48)  oracle_saves_vs_agg=+1.264bps
    corr(book-OFI dir, passive-minus-agg)=+0.0965

--- 2024-07-15  (n=2304, post-rate=35%, fill%=24, spread=1.10bps) ---
    AGG=  0.992  NAIVE=  2.110  L3=  1.434  L3flip=  1.668  ORACLE= -0.252  ANTI=  3.354
    placebo=  1.380(sd0.056)  L3-edge_vs_placebo=-0.054bps (z=+0.95)  oracle_saves_vs_agg=+1.245bps
    corr(book-OFI dir, passive-minus-agg)=+0.0289

--- 2024-08-05 [CRASH]  (n=2304, post-rate=32%, fill%=60, spread=1.59bps) ---
    AGG=  2.195  NAIVE=  6.274  L3=  3.771  L3flip=  4.698  ORACLE= -0.146  ANTI=  8.615
    placebo=  3.495(sd0.182)  L3-edge_vs_placebo=-0.276bps (z=+1.52)  oracle_saves_vs_agg=+2.341bps
    corr(book-OFI dir, passive-minus-agg)=+0.0034

--- 2024-08-06  (n=2304, post-rate=32%, fill%=41, spread=1.40bps) ---
    AGG=  1.384  NAIVE=  3.257  L3=  1.971  L3flip=  2.671  ORACLE= -0.465  ANTI=  5.106
    placebo=  1.993(sd0.088)  L3-edge_vs_placebo=+0.022bps (z=-0.26)  oracle_saves_vs_agg=+1.849bps
    corr(book-OFI dir, passive-minus-agg)=+0.0201

--- 2024-09-16  (n=2304, post-rate=39%, fill%=18, spread=1.26bps) ---
    AGG=  0.900  NAIVE=  1.481  L3=  1.191  L3flip=  1.190  ORACLE= -0.453  ANTI=  2.834
    placebo=  1.124(sd0.050)  L3-edge_vs_placebo=-0.067bps (z=+1.34)  oracle_saves_vs_agg=+1.353bps
    corr(book-OFI dir, passive-minus-agg)=+0.0774

--- 2024-10-15  (n=2304, post-rate=33%, fill%=30, spread=1.05bps) ---
    AGG=  1.113  NAIVE=  2.404  L3=  1.651  L3flip=  1.866  ORACLE= -0.072  ANTI=  3.589
    placebo=  1.543(sd0.062)  L3-edge_vs_placebo=-0.109bps (z=+1.76)  oracle_saves_vs_agg=+1.185bps
    corr(book-OFI dir, passive-minus-agg)=+0.0697

--- 2024-11-12  (n=2304, post-rate=32%, fill%=61, spread=0.84bps) ---
    AGG=  1.217  NAIVE=  3.736  L3=  1.875  L3flip=  3.079  ORACLE= -0.043  ANTI=  4.996
    placebo=  2.026(sd0.096)  L3-edge_vs_placebo=+0.151bps (z=-1.58)  oracle_saves_vs_agg=+1.260bps
    corr(book-OFI dir, passive-minus-agg)=+0.0124

--- 2024-12-16  (n=2304, post-rate=36%, fill%=39, spread=0.62bps) ---
    AGG=  0.736  NAIVE=  2.335  L3=  1.572  L3flip=  1.499  ORACLE= -0.261  ANTI=  3.331
    placebo=  1.318(sd0.061)  L3-edge_vs_placebo=-0.254bps (z=+4.14)  oracle_saves_vs_agg=+0.996bps
    corr(book-OFI dir, passive-minus-agg)=+0.1064

--------------------------------------------------------------------------------------------------------------
date            n     AGG   NAIVE      L3 edge_vs_plac oracle_save     corr  spread
--------------------------------------------------------------------------------------------------------------
2024-01-15   2304    1.20    2.01    1.34       +0.172      +1.536  -0.0938    0.97
2024-02-15   2304    0.74    1.87    1.23       -0.068      +1.348  +0.0573    0.82
2024-03-13   2304    0.81    2.67    1.66       -0.155      +1.011  +0.0635    0.63
2024-04-16   2304    1.25    3.51    2.19       -0.099      +1.655  +0.0153    0.93
2024-05-15   2304    0.94    1.64    1.20       -0.014      +1.135  +0.0406    0.94
2024-06-14   2304    0.86    1.73    1.39       -0.150      +1.264  +0.0965    0.99
2024-07-15   2304    0.99    2.11    1.43       -0.054      +1.245  +0.0289    1.10
2024-08-05   2304    2.20    6.27    3.77       -0.276      +2.341  +0.0034    1.59
2024-08-06   2304    1.38    3.26    1.97       +0.022      +1.849  +0.0201    1.40
2024-09-16   2304    0.90    1.48    1.19       -0.067      +1.353  +0.0774    1.26
2024-10-15   2304    1.11    2.40    1.65       -0.109      +1.185  +0.0697    1.05
2024-11-12   2304    1.22    3.74    1.88       +0.151      +1.260  +0.0124    0.84
2024-12-16   2304    0.74    2.33    1.57       -0.254      +0.996  +0.1064    0.62

==============================================================================================================
CAPTURABILITY (pooled all-2024): corr of L2 features w/ per-order execution advantage
  target1 = passive_minus_agg (negative => posting cheaper). target2 = naive fill (1=filled).
==============================================================================================================
  book_ofi (dir)     corr(.,passive-agg)=+0.0299   corr(.,fill)=-0.0684
  cancel_imb (dir)   corr(.,passive-agg)=+0.0188   corr(.,fill)=-0.1128
  spread_bps         corr(.,passive-agg)=-0.0275   corr(.,fill)=-0.2797
  |book_ofi|         corr(.,passive-agg)=-0.0127   corr(.,fill)=-0.1006

  -- book-OFI(dir) corr split by regime --
    calm   corr(book-OFI dir, passive-agg) = +0.0383  (n=27648)
    crash  corr(book-OFI dir, passive-agg) = +0.0034  (n=2304)

Done in 360s. Wrote exec_value_2024_orders.csv, exec_value_2024_summary.csv
