Panel: 50 symbols, train=2160 bars, test=720 bars
Total pairs C(n,2) = 1225
Kalman/static screen on random subsample of 250 pairs
  ...real 25/250
  ...real 50/250
  ...real 75/250
  ...real 100/250
  ...real 125/250
  ...real 150/250
  ...real 175/250
  ...real 200/250
  ...real 225/250
  ...real 250/250

=== REAL top-50 pairs ===
  Kalman OOS coint rate: p<0.05 100.0%  p<0.01 98.4%  p<0.001 96.4%  (n=250)
  Static OOS coint rate: p<0.05 3.2%  p<0.01 0.8%  (n=250)
  Fitted q_beta: median 1.47e-06 min 2.06e-09 max 1.00e+00

=== PLACEBOS (Kalman OOS ADF) — should be ~5% if test is valid ===
  (a) independent random walks:        p<0.05 100.0%  p<0.001 98.7%  (n=150)
  (b) coin vs phase-randomized coin:   p<0.05 100.0%  p<0.001 96.6%  (n=149)
  (c) real pair, x block-shuffled:     p<0.05 100.0%  p<0.001 98.0%  (n=150)

=== CLEAN non-circular benchmark (no Kalman whitening) ===
  Engle-Granger on TEST log-prices:    coint p<0.05 0.8%  p<0.01 0.0%  (n=250)
  Static OLS train->ADF test resid:    coint p<0.05 3.2%  (n=250)

  Saved 250 pairs; 2 clean-cointegrated at p<0.05 -> scratch/clean_coint_pairs.csv
EXIT=0
