========================================================================================================
ITER-12: risk-rule efficient frontier for the reversion alpha (realistic 30bps, OU-selected)
  Calmar = annualized return / |max drawdown|.  Higher Sharpe AND smaller |DD| is better.
========================================================================================================
config                             netSharpe   maxDD%  annRet%  Calmar  netPnL%  trades
--------------------------------------------------------------------------------------------------------
10p nostop z (iter8 baseline)           2.51    -41.2    166.1    4.03      789    1526
20p nostop z                            2.93    -31.1    155.9    5.01      741    2778
40p nostop z                            3.18    -28.8    136.6    4.74      649    4951
40p nostop z vol-target                 3.01    -28.3    126.8    4.47      603    4951
40p nostop conv                         3.44    -31.2    160.1    5.13      761    4852
40p wide-stop|z|=6 z                    1.52    -77.8     53.4    0.69      254   13704
40p wide-stop|z|=6 vol                  1.47    -88.3     52.0    0.59      247   13704
20p nostop z vol-target                 2.76    -41.9    143.1    3.42      680    2778
40p tight-stop|z|=4 z (ref)            -1.82   -265.3    -48.1   -0.18     -228   23501
10p tight-stop|z|=4 (loser)            -2.25   -493.3    -96.1   -0.19     -457    7469
--------------------------------------------------------------------------------------------------------
  best risk-adjusted (Calmar): 40p nostop conv  -> Sharpe +3.44, maxDD -31.2%, Calmar 5.13
  diversification 10p->40p (nostop z): maxDD -41.2% -> -28.8%, Sharpe +2.51 -> +3.18
========================================================================================================
